[2026-01-23 22:16:59] [INFO] [User:GUEST] Logout exitoso para usuario: admin
[2026-01-23 22:21:12] [INFO] [User:GUEST] Logout exitoso para usuario: admin
[2026-01-23 22:22:09] [INFO] [User:GUEST] Logout exitoso para usuario: admin
[2026-01-23 22:25:52] [INFO] [User:GUEST] Logout exitoso para usuario: admin
[2026-01-23 22:26:53] [INFO] [User:GUEST] Logout exitoso para usuario: admin
[2026-01-23 22:31:13] [INFO] [User:GUEST] Logout exitoso para usuario: admin
[2026-01-23 22:31:48] [INFO] [User:GUEST] Logout exitoso para usuario: admin
[2026-01-23 22:32:05] [INFO] [User:GUEST] Logout exitoso para usuario: admin
[2026-01-23 22:38:58] [INFO] [User:GUEST] Logout exitoso para usuario: admin
[2026-01-23 22:41:25] [INFO] [User:GUEST] Logout exitoso para usuario: admin
[2026-01-24 18:34:43] [INFO] [User:GUEST] Logout exitoso para usuario: admin
[2026-01-24 18:45:22] [INFO] [User:GUEST] Logout exitoso para usuario: admin
[2026-01-24 18:54:55] [INFO] [User:GUEST] Logout exitoso para usuario: admin
[2026-01-24 20:21:55] [INFO] [User:GUEST] Logout exitoso para usuario: admin
[2026-01-24 20:23:20] [INFO] [User:GUEST] Logout exitoso para usuario: admin
[2026-01-24 23:29:55] [INFO] [User:GUEST] Logout exitoso para usuario: admin
[2026-01-25 08:46:29] [INFO] [User:GUEST] Logout exitoso para usuario: admin
[2026-01-25 10:45:35] [INFO] [User:GUEST] Logout exitoso para usuario: admin
[2026-01-25 11:38:57] [INFO] [User:GUEST] Logout exitoso para usuario: admin
[2026-01-25 11:40:14] [INFO] [User:GUEST] Logout exitoso para usuario: admin
[2026-01-25 11:52:11] [INFO] [User:GUEST] Logout exitoso para usuario: admin
[2026-01-25 12:11:55] [INFO] [User:GUEST] Logout exitoso para usuario: admin
[2026-01-25 12:26:24] [INFO] [User:GUEST] Logout exitoso para usuario: admin
[2026-01-25 12:36:24] [INFO] [User:GUEST] Logout exitoso para usuario: admin
[2026-01-25 12:42:28] [INFO] [User:GUEST] Logout exitoso para usuario: admin
[2026-01-25 13:24:33] [INFO] [User:GUEST] Logout exitoso para usuario: admin
[2026-01-25 13:30:02] [INFO] [User:GUEST] Logout exitoso para usuario: admin
[2026-01-25 13:42:23] [INFO] [User:GUEST] Logout exitoso para usuario: admin
[2026-01-25 13:48:46] [INFO] [User:GUEST] Logout exitoso para usuario: admin
[2026-01-25 13:51:51] [INFO] [User:GUEST] Logout exitoso para usuario: admin
[2026-01-25 15:08:11] [INFO] [User:GUEST] Logout exitoso para usuario: admin
[2026-01-25 15:25:57] [INFO] [User:GUEST] Logout exitoso para usuario: admin
[2026-01-25 15:33:24] [INFO] [User:GUEST] Logout exitoso para usuario: admin
[2026-01-25 15:43:54] [INFO] [User:GUEST] Logout exitoso para usuario: admin
[2026-01-25 15:45:14] [INFO] [User:GUEST] Logout exitoso para usuario: admin
[2026-01-25 15:54:24] [INFO] [User:GUEST] Logout exitoso para usuario: admin
[2026-01-25 16:28:07] [INFO] [User:GUEST] Logout exitoso para usuario: admin
[2026-01-25 16:31:53] [INFO] [User:GUEST] Logout exitoso para usuario: admin
[2026-01-25 16:42:24] [INFO] [User:GUEST] Logout exitoso para usuario: admin
[2026-01-25 16:48:24] [INFO] [User:GUEST] Logout exitoso para usuario: admin
[2026-01-25 16:58:24] [INFO] [User:GUEST] Logout exitoso para usuario: admin
[2026-01-25 17:05:44] [INFO] [User:GUEST] Logout exitoso para usuario: admin
[2026-01-25 17:06:24] [INFO] [User:GUEST] Logout exitoso para usuario: Unknown
[2026-01-25 17:09:25] [INFO] [User:GUEST] Logout exitoso para usuario: admin
[2026-01-25 17:13:57] [INFO] [User:GUEST] Logout exitoso para usuario: admin
[2026-01-25 18:04:24] [INFO] [User:GUEST] Logout exitoso para usuario: admin
[2026-01-25 18:07:24] [INFO] [User:GUEST] Logout exitoso para usuario: admin
[2026-01-25 18:21:39] [INFO] [User:GUEST] Logout exitoso para usuario: admin
[2026-01-25 18:23:22] [INFO] [User:GUEST] Logout exitoso para usuario: admin
[2026-01-25 18:30:54] [INFO] [User:GUEST] Logout exitoso para usuario: admin
[2026-01-25 18:34:08] [INFO] [User:GUEST] Logout exitoso para usuario: jtunoque
[2026-01-25 18:34:39] [INFO] [User:GUEST] Logout exitoso para usuario: admin
[2026-01-25 18:34:53] [INFO] [User:GUEST] Logout exitoso para usuario: jtunoque
[2026-01-25 18:35:12] [INFO] [User:GUEST] Logout exitoso para usuario: acontreras
[2026-01-25 18:35:24] [INFO] [User:GUEST] Logout exitoso para usuario: cmedina
[2026-01-25 18:35:33] [INFO] [User:GUEST] Logout exitoso para usuario: ejimenez
[2026-01-25 18:35:43] [INFO] [User:GUEST] Logout exitoso para usuario: dlazarte
[2026-01-25 18:38:24] [INFO] [User:GUEST] Logout exitoso para usuario: admin
[2026-01-25 18:42:58] [INFO] [User:GUEST] Logout exitoso para usuario: admin
[2026-01-25 18:44:08] [INFO] [User:GUEST] Logout exitoso para usuario: jtunoque
[2026-01-25 18:44:09] [INFO] [User:GUEST] Logout exitoso para usuario: Unknown
[2026-01-25 18:44:58] [INFO] [User:GUEST] Logout exitoso para usuario: Unknown
[2026-01-25 18:45:13] [INFO] [User:GUEST] Logout exitoso para usuario: admin
[2026-01-25 18:49:45] [INFO] [User:GUEST] Logout exitoso para usuario: jtunoque
[2026-01-25 18:52:24] [INFO] [User:GUEST] Logout exitoso para usuario: jtunoque
[2026-01-25 18:54:00] [INFO] [User:GUEST] Logout exitoso para usuario: jtunoque
[2026-01-25 18:55:37] [INFO] [User:GUEST] Logout exitoso para usuario: acontreras
[2026-01-25 18:58:24] [INFO] [User:GUEST] Logout exitoso para usuario: lruiz
[2026-01-25 19:10:57] [INFO] [User:GUEST] Logout exitoso para usuario: jtunoque
[2026-01-25 19:12:24] [INFO] [User:GUEST] Logout exitoso para usuario: acontreras
[2026-01-25 19:29:26] [INFO] [User:GUEST] Logout exitoso para usuario: admin
[2026-01-25 20:06:25] [INFO] [User:GUEST] Logout exitoso para usuario: admin
[2026-01-25 20:29:36] [INFO] [User:GUEST] Logout exitoso para usuario: admin
[2026-01-25 21:31:08] [INFO] [User:GUEST] Logout exitoso para usuario: admin
[2026-01-25 21:47:24] [INFO] [User:GUEST] Logout exitoso para usuario: admin
[2026-01-25 21:52:26] [INFO] [User:GUEST] Logout exitoso para usuario: admin
[2026-01-25 21:56:24] [INFO] [User:GUEST] Logout exitoso para usuario: admin
[2026-01-25 22:04:44] [INFO] [User:GUEST] Logout exitoso para usuario: admin
[2026-01-25 22:08:22] [INFO] [User:GUEST] Logout exitoso para usuario: admin
[2026-01-25 22:11:14] [INFO] [User:GUEST] Logout exitoso para usuario: admin
[2026-01-25 23:26:24] [INFO] [User:GUEST] Logout exitoso para usuario: admin
[2026-01-25 23:28:55] [INFO] [User:GUEST] Logout exitoso para usuario: admin
[2026-01-25 23:30:03] [INFO] [User:GUEST] Logout exitoso para usuario: admin
[2026-01-25 23:48:24] [INFO] [User:GUEST] Logout exitoso para usuario: admin
[2026-01-25 23:52:37] [INFO] [User:GUEST] Logout exitoso para usuario: admin
[2026-01-25 23:58:48] [INFO] [User:GUEST] Logout exitoso para usuario: admin
[2026-01-26 00:00:45] [INFO] [User:GUEST] Logout exitoso para usuario: Unknown
[2026-01-26 00:06:24] [INFO] [User:GUEST] Logout exitoso para usuario: admin
[2026-01-26 00:08:11] [INFO] [User:GUEST] Logout exitoso para usuario: admin
[2026-01-26 00:08:24] [INFO] [User:GUEST] Logout exitoso para usuario: Unknown
[2026-01-26 00:12:24] [INFO] [User:GUEST] Logout exitoso para usuario: admin
[2026-01-26 00:25:51] [INFO] [User:GUEST] Logout exitoso para usuario: admin
[2026-01-26 00:36:09] [INFO] [User:GUEST] Logout exitoso para usuario: admin
[2026-01-26 00:39:40] [INFO] [User:GUEST] Logout exitoso para usuario: admin
[2026-01-26 00:49:11] [INFO] [User:GUEST] Logout exitoso para usuario: admin
[2026-01-26 00:55:15] [INFO] [User:GUEST] Logout exitoso para usuario: admin
[2026-01-26 00:58:24] [INFO] [User:GUEST] Logout exitoso para usuario: admin
[2026-01-26 01:21:25] [INFO] [User:GUEST] Logout exitoso para usuario: admin
[2026-01-27 18:01:50] [INFO] [User:GUEST] Logout exitoso para usuario: admin
[2026-01-27 18:04:19] [INFO] [User:GUEST] Logout exitoso para usuario: admin
[2026-01-27 18:06:09] [INFO] [User:GUEST] Logout exitoso para usuario: admin
[2026-01-27 18:09:45] [INFO] [User:GUEST] Logout exitoso para usuario: admin
[2026-01-27 18:23:00] [INFO] [User:GUEST] Logout exitoso para usuario: admin
[2026-01-27 18:25:31] [INFO] [User:GUEST] Logout exitoso para usuario: admin
[2026-01-27 18:30:09] [INFO] [User:GUEST] Logout exitoso para usuario: admin
[2026-01-27 18:51:55] [INFO] [User:GUEST] Logout exitoso para usuario: admin
[2026-01-27 19:06:31] [INFO] [User:GUEST] Logout exitoso para usuario: admin
[2026-01-27 21:28:25] [INFO] [User:GUEST] Logout exitoso para usuario: admin
[2026-01-27 21:32:13] [INFO] [User:GUEST] Logout exitoso para usuario: admin
[2026-01-27 21:37:48] [INFO] [User:GUEST] Logout exitoso para usuario: admin
[2026-01-27 21:43:38] [INFO] [User:GUEST] Logout exitoso para usuario: admin
[2026-01-28 06:15:13] [INFO] [User:GUEST] Logout exitoso para usuario: admin
[2026-01-29 21:22:06] [INFO] [User:GUEST] Logout exitoso para usuario: admin
[2026-01-29 21:34:20] [INFO] [User:GUEST] Logout exitoso para usuario: admin
[2026-01-30 07:25:45] [INFO] [User:GUEST] Logout exitoso para usuario: admin
[2026-01-30 19:18:52] [INFO] [User:GUEST] Logout exitoso para usuario: admin
[2026-01-30 19:23:16] [INFO] [User:GUEST] Logout exitoso para usuario: admin
[2026-01-30 19:31:27] [INFO] [User:GUEST] Logout exitoso para usuario: admin
[2026-01-30 19:36:02] [INFO] [User:GUEST] Logout exitoso para usuario: admin
[2026-01-30 20:02:22] [INFO] [User:GUEST] Logout exitoso para usuario: admin
[2026-01-30 20:04:22] [INFO] [User:GUEST] Logout exitoso para usuario: admin
[2026-01-30 20:11:14] [INFO] [User:GUEST] Logout exitoso para usuario: admin
[2026-01-30 20:13:45] [INFO] [User:GUEST] Logout exitoso para usuario: admin
[2026-01-30 20:15:50] [INFO] [User:GUEST] Logout exitoso para usuario: admin
[2026-01-30 20:19:22] [INFO] [User:GUEST] Logout exitoso para usuario: admin
[2026-01-30 20:38:13] [INFO] [User:GUEST] Logout exitoso para usuario: admin
[2026-01-30 20:40:28] [INFO] [User:GUEST] Logout exitoso para usuario: admin
[2026-01-30 20:44:40] [INFO] [User:GUEST] Logout exitoso para usuario: admin
[2026-01-30 21:03:22] [INFO] [User:GUEST] Logout exitoso para usuario: admin
[2026-01-30 21:20:25] [INFO] [User:GUEST] Logout exitoso para usuario: admin
[2026-01-30 21:22:22] [INFO] [User:GUEST] Logout exitoso para usuario: admin
[2026-01-30 21:23:22] [INFO] [User:GUEST] Logout exitoso para usuario: Unknown
[2026-01-30 22:51:09] [INFO] [User:GUEST] Logout exitoso para usuario: admin
[2026-01-30 22:55:02] [INFO] [User:GUEST] Logout exitoso para usuario: admin
[2026-01-30 23:00:22] [INFO] [User:GUEST] Logout exitoso para usuario: admin
[2026-01-30 23:01:02] [INFO] [User:GUEST] Logout exitoso para usuario: admin
[2026-01-30 23:06:25] [INFO] [User:GUEST] Logout exitoso para usuario: admin
[2026-01-30 23:11:26] [INFO] [User:GUEST] Logout exitoso para usuario: admin
[2026-01-30 23:15:22] [INFO] [User:GUEST] Logout exitoso para usuario: admin
[2026-01-30 23:16:01] [INFO] [User:GUEST] Logout exitoso para usuario: admin
[2026-01-30 23:18:26] [INFO] [User:GUEST] Logout exitoso para usuario: admin
[2026-01-30 23:23:46] [INFO] [User:GUEST] Logout exitoso para usuario: admin
[2026-01-30 23:27:36] [INFO] [User:GUEST] Logout exitoso para usuario: admin
[2026-01-31 07:43:29] [INFO] [User:GUEST] Logout exitoso para usuario: admin
[2026-01-31 07:51:29] [INFO] [User:GUEST] Logout exitoso para usuario: admin
[2026-01-31 07:55:31] [INFO] [User:GUEST] Logout exitoso para usuario: admin
[2026-01-31 08:02:29] [INFO] [User:GUEST] Logout exitoso para usuario: admin
[2026-01-31 08:05:55] [INFO] [User:GUEST] Logout exitoso para usuario: admin
[2026-01-31 08:11:13] [INFO] [User:GUEST] Logout exitoso para usuario: admin
[2026-01-31 08:13:13] [INFO] [User:GUEST] Logout exitoso para usuario: admin
[2026-01-31 12:03:20] [INFO] [User:GUEST] Logout exitoso para usuario: admin
[2026-01-31 12:08:41] [INFO] [User:GUEST] Logout exitoso para usuario: admin
[2026-01-31 12:13:13] [INFO] [User:GUEST] Logout exitoso para usuario: admin
[2026-01-31 12:14:20] [INFO] [User:GUEST] Logout exitoso para usuario: admin
[2026-01-31 12:26:20] [INFO] [User:GUEST] Logout exitoso para usuario: admin
[2026-01-31 12:30:18] [INFO] [User:GUEST] Logout exitoso para usuario: admin
[2026-01-31 12:36:17] [INFO] [User:GUEST] Logout exitoso para usuario: admin
[2026-01-31 12:39:20] [INFO] [User:GUEST] Logout exitoso para usuario: admin
[2026-01-31 12:39:20] [INFO] [User:GUEST] Logout exitoso para usuario: admin
[2026-01-31 12:43:05] [INFO] [User:GUEST] Logout exitoso para usuario: admin
[2026-01-31 13:12:58] [INFO] [User:GUEST] Logout exitoso para usuario: admin
[2026-01-31 13:16:05] [INFO] [User:GUEST] Logout exitoso para usuario: admin
[2026-01-31 13:22:20] [INFO] [User:GUEST] Logout exitoso para usuario: admin
[2026-01-31 13:33:36] [INFO] [User:GUEST] Logout exitoso para usuario: admin
[2026-01-31 17:24:09] [INFO] [User:GUEST] Logout exitoso para usuario: admin
[2026-01-31 17:30:09] [INFO] [User:GUEST] Logout exitoso para usuario: admin
[2026-01-31 17:35:02] [INFO] [User:GUEST] Logout exitoso para usuario: admin
[2026-01-31 17:41:10] [INFO] [User:GUEST] Logout exitoso para usuario: admin
[2026-01-31 17:44:09] [INFO] [User:GUEST] Logout exitoso para usuario: admin
[2026-01-31 17:53:09] [INFO] [User:GUEST] Logout exitoso para usuario: admin
[2026-01-31 17:59:11] [INFO] [User:GUEST] Logout exitoso para usuario: admin
[2026-01-31 18:03:09] [INFO] [User:GUEST] Logout exitoso para usuario: admin
[2026-01-31 18:05:51] [INFO] [User:GUEST] Logout exitoso para usuario: admin
[2026-01-31 18:10:41] [INFO] [User:GUEST] Logout exitoso para usuario: admin
[2026-01-31 19:50:08] [INFO] [User:GUEST] Logout exitoso para usuario: admin
[2026-01-31 20:23:51] [INFO] [User:GUEST] Logout exitoso para usuario: admin
[2026-01-31 20:27:06] [INFO] [User:GUEST] Logout exitoso para usuario: admin
[2026-01-31 22:13:22] [INFO] [User:GUEST] Logout exitoso para usuario: admin
[2026-01-31 22:20:22] [INFO] [User:GUEST] Logout exitoso para usuario: admin
[2026-01-31 22:22:22] [INFO] [User:GUEST] Logout exitoso para usuario: admin
[2026-01-31 22:30:53] [INFO] [User:GUEST] Logout exitoso para usuario: admin
[2026-01-31 22:35:17] [INFO] [User:GUEST] Logout exitoso para usuario: admin
[2026-01-31 22:38:12] [INFO] [User:GUEST] Logout exitoso para usuario: admin
[2026-01-31 22:43:24] [INFO] [User:GUEST] Logout exitoso para usuario: admin
[2026-01-31 23:03:55] [INFO] [User:GUEST] Logout exitoso para usuario: admin
[2026-01-31 23:10:03] [INFO] [User:GUEST] Logout exitoso para usuario: admin
[2026-01-31 23:11:22] [INFO] [User:GUEST] Logout exitoso para usuario: admin
[2026-01-31 23:18:22] [INFO] [User:GUEST] Logout exitoso para usuario: admin
[2026-01-31 23:22:10] [INFO] [User:GUEST] Logout exitoso para usuario: admin
[2026-01-31 23:24:05] [INFO] [User:GUEST] Logout exitoso para usuario: admin
[2026-02-01 07:28:26] [INFO] [User:GUEST] Logout exitoso para usuario: admin
[2026-02-01 07:31:48] [INFO] [User:GUEST] Logout exitoso para usuario: admin
[2026-02-01 07:33:41] [INFO] [User:GUEST] Logout exitoso para usuario: admin
[2026-02-01 07:40:38] [INFO] [User:GUEST] Logout exitoso para usuario: admin
[2026-02-01 07:44:39] [INFO] [User:GUEST] Logout exitoso para usuario: admin
[2026-02-01 07:53:45] [INFO] [User:GUEST] Logout exitoso para usuario: admin
[2026-02-01 07:57:48] [INFO] [User:GUEST] Logout exitoso para usuario: admin
[2026-02-01 08:16:48] [INFO] [User:GUEST] Logout exitoso para usuario: admin
[2026-02-01 08:19:35] [INFO] [User:GUEST] Logout exitoso para usuario: admin
[2026-02-01 08:22:48] [INFO] [User:GUEST] Logout exitoso para usuario: admin
[2026-02-01 08:32:38] [INFO] [User:GUEST] Logout exitoso para usuario: admin
[2026-02-01 08:35:46] [INFO] [User:GUEST] Logout exitoso para usuario: admin
[2026-02-01 08:40:43] [INFO] [User:GUEST] Logout exitoso para usuario: admin
[2026-02-01 11:28:34] [INFO] [User:GUEST] Logout exitoso para usuario: admin
[2026-02-01 11:34:38] [INFO] [User:GUEST] Logout exitoso para usuario: admin
[2026-02-01 11:36:21] [INFO] [User:GUEST] Logout exitoso para usuario: admin
[2026-02-01 11:39:27] [INFO] [User:GUEST] Logout exitoso para usuario: admin
[2026-02-01 15:48:54] [INFO] [User:GUEST] Logout exitoso para usuario: admin
[2026-02-01 15:57:46] [INFO] [User:GUEST] Logout exitoso para usuario: admin
[2026-02-01 16:03:23] [INFO] [User:GUEST] Logout exitoso para usuario: admin
[2026-02-01 16:08:46] [INFO] [User:GUEST] Logout exitoso para usuario: admin
[2026-02-01 16:13:46] [INFO] [User:GUEST] Logout exitoso para usuario: admin
[2026-02-01 16:16:46] [INFO] [User:GUEST] Logout exitoso para usuario: admin
[2026-02-01 16:18:46] [INFO] [User:GUEST] Logout exitoso para usuario: admin
[2026-02-01 16:22:05] [INFO] [User:GUEST] Logout exitoso para usuario: admin
[2026-02-01 16:26:46] [INFO] [User:GUEST] Logout exitoso para usuario: admin
[2026-02-01 16:32:59] [INFO] [User:GUEST] Logout exitoso para usuario: admin
[2026-02-01 16:38:41] [INFO] [User:GUEST] Logout exitoso para usuario: admin
[2026-02-01 16:41:45] [INFO] [User:GUEST] Logout exitoso para usuario: admin
[2026-02-01 16:50:04] [INFO] [User:GUEST] Logout exitoso para usuario: admin
[2026-02-01 23:14:06] [INFO] [User:GUEST] Logout exitoso para usuario: admin
[2026-02-01 23:16:29] [INFO] [User:GUEST] Logout exitoso para usuario: admin
[2026-02-01 23:23:47] [INFO] [User:GUEST] Logout exitoso para usuario: admin
[2026-02-01 23:25:29] [INFO] [User:GUEST] Logout exitoso para usuario: admin
[2026-02-02 08:54:46] [INFO] [User:GUEST] Logout exitoso para usuario: admin
[2026-02-02 08:57:02] [INFO] [User:GUEST] Logout exitoso para usuario: admin
[2026-02-02 09:15:49] [INFO] [User:GUEST] Logout exitoso para usuario: admin
[2026-02-02 09:53:07] [INFO] [User:GUEST] Logout exitoso para usuario: admin
[2026-02-02 10:03:07] [INFO] [User:GUEST] Logout exitoso para usuario: admin
[2026-02-02 10:07:50] [INFO] [User:GUEST] Logout exitoso para usuario: admin
[2026-02-02 10:09:05] [INFO] [User:GUEST] Logout exitoso para usuario: admin
[2026-02-02 10:29:31] [INFO] [User:GUEST] Logout exitoso para usuario: admin
[2026-02-02 10:40:07] [INFO] [User:GUEST] Logout exitoso para usuario: admin
[2026-02-02 10:44:07] [INFO] [User:GUEST] Logout exitoso para usuario: admin
[2026-02-02 10:51:07] [INFO] [User:GUEST] Logout exitoso para usuario: admin
[2026-02-09 23:19:50] [INFO] [User:GUEST] Logout exitoso para usuario: admin
[2026-02-09 23:21:50] [INFO] [User:GUEST] Logout exitoso para usuario: admin
[2026-02-09 23:30:08] [INFO] [User:GUEST] Logout exitoso para usuario: admin
[2026-02-09 23:33:40] [INFO] [User:GUEST] Logout exitoso para usuario: admin
[2026-02-09 23:42:50] [INFO] [User:GUEST] Logout exitoso para usuario: admin
[2026-02-10 10:12:42] [INFO] [User:GUEST] Logout exitoso para usuario: admin
[2026-02-10 10:32:24] [INFO] [User:GUEST] Logout exitoso para usuario: admin
[2026-02-10 11:05:29] [INFO] [User:GUEST] Logout exitoso para usuario: admin
[2026-02-10 11:19:45] [INFO] [User:GUEST] Logout exitoso para usuario: admin
[2026-02-10 11:22:45] [INFO] [User:GUEST] Logout exitoso para usuario: admin
[2026-02-10 11:24:36] [INFO] [User:GUEST] Logout exitoso para usuario: admin
[2026-02-10 11:38:45] [INFO] [User:GUEST] Logout exitoso para usuario: admin
[2026-02-10 14:25:11] [INFO] [User:GUEST] Logout exitoso para usuario: admin
[2026-02-10 14:29:00] [INFO] [User:GUEST] Logout exitoso para usuario: admin
[2026-02-10 14:36:34] [INFO] [User:GUEST] Logout exitoso para usuario: admin
[2026-02-10 15:33:11] [INFO] [User:GUEST] Logout exitoso para usuario: admin
[2026-02-10 15:36:11] [INFO] [User:GUEST] Logout exitoso para usuario: admin
[2026-02-10 19:16:21] [INFO] [User:GUEST] Logout exitoso para usuario: admin
[2026-02-10 19:33:09] [INFO] [User:GUEST] Logout exitoso para usuario: admin
[2026-02-10 19:47:29] [INFO] [User:GUEST] Logout exitoso para usuario: admin
[2026-02-10 19:53:11] [INFO] [User:GUEST] Logout exitoso para usuario: admin
[2026-02-10 19:58:09] [INFO] [User:GUEST] Logout exitoso para usuario: admin
[2026-02-10 20:18:11] [INFO] [User:GUEST] Logout exitoso para usuario: admin
[2026-02-11 19:34:31] [INFO] [User:GUEST] Logout exitoso para usuario: admin
[2026-02-11 19:47:32] [INFO] [User:GUEST] Logout exitoso para usuario: admin
[2026-02-11 19:50:59] [INFO] [User:GUEST] Logout exitoso para usuario: admin
[2026-02-11 19:55:40] [INFO] [User:GUEST] Logout exitoso para usuario: admin
[2026-02-12 00:19:13] [INFO] [User:GUEST] Logout exitoso para usuario: admin
[2026-02-12 00:20:51] [INFO] [User:GUEST] Logout exitoso para usuario: admin
[2026-02-12 00:31:32] [INFO] [User:GUEST] Logout exitoso para usuario: admin
[2026-02-12 00:37:28] [INFO] [User:GUEST] Logout exitoso para usuario: admin
[2026-02-12 00:56:32] [INFO] [User:GUEST] Logout exitoso para usuario: admin
[2026-02-12 01:03:09] [INFO] [User:GUEST] Logout exitoso para usuario: admin
[2026-02-12 01:06:27] [INFO] [User:GUEST] Logout exitoso para usuario: admin
[2026-02-12 09:11:36] [INFO] [User:GUEST] Logout exitoso para usuario: admin
[2026-02-12 09:13:31] [INFO] [User:GUEST] Logout exitoso para usuario: admin
[2026-02-12 09:15:38] [INFO] [User:GUEST] Logout exitoso para usuario: admin
[2026-02-12 09:18:22] [INFO] [User:GUEST] Logout exitoso para usuario: admin
[2026-02-12 09:20:14] [INFO] [User:GUEST] Logout exitoso para usuario: admin
[2026-02-12 09:23:22] [INFO] [User:GUEST] Logout exitoso para usuario: admin
[2026-02-12 09:29:22] [INFO] [User:GUEST] Logout exitoso para usuario: admin
[2026-02-12 09:32:22] [INFO] [User:GUEST] Logout exitoso para usuario: admin
[2026-02-12 09:52:27] [INFO] [User:GUEST] Logout exitoso para usuario: admin
[2026-02-12 10:02:36] [INFO] [User:GUEST] Logout exitoso para usuario: admin
[2026-02-12 10:13:23] [INFO] [User:GUEST] Logout exitoso para usuario: admin
[2026-02-12 10:20:22] [INFO] [User:GUEST] Logout exitoso para usuario: admin
[2026-02-12 10:48:22] [INFO] [User:GUEST] Logout exitoso para usuario: admin
[2026-02-12 17:14:41] [INFO] [User:GUEST] Logout exitoso para usuario: admin
[2026-02-12 17:24:24] [INFO] [User:GUEST] Logout exitoso para usuario: admin
[2026-02-12 17:28:46] [INFO] [User:GUEST] Logout exitoso para usuario: admin
[2026-02-12 17:40:11] [INFO] [User:GUEST] Logout exitoso para usuario: admin
[2026-02-12 17:48:46] [INFO] [User:GUEST] Logout exitoso para usuario: admin
[2026-02-12 18:02:00] [INFO] [User:GUEST] Logout exitoso para usuario: admin
[2026-02-12 18:06:46] [INFO] [User:GUEST] Logout exitoso para usuario: admin
[2026-02-12 18:11:30] [INFO] [User:GUEST] Logout exitoso para usuario: admin
[2026-02-12 18:13:04] [INFO] [User:GUEST] Logout exitoso para usuario: admin
[2026-02-12 18:18:37] [INFO] [User:GUEST] Logout exitoso para usuario: admin
[2026-02-14 12:16:51] [INFO] [User:GUEST] Logout exitoso para usuario: admin
[2026-02-14 12:23:51] [INFO] [User:GUEST] Logout exitoso para usuario: admin
[2026-02-14 12:32:45] [INFO] [User:GUEST] Logout exitoso para usuario: admin
[2026-02-14 12:43:51] [INFO] [User:GUEST] Logout exitoso para usuario: admin
[2026-02-14 12:52:59] [INFO] [User:GUEST] Logout exitoso para usuario: admin
[2026-02-14 12:56:51] [INFO] [User:GUEST] Logout exitoso para usuario: admin
[2026-02-14 13:00:30] [INFO] [User:GUEST] Logout exitoso para usuario: admin
[2026-02-14 13:06:51] [INFO] [User:GUEST] Logout exitoso para usuario: admin
[2026-02-14 13:12:24] [INFO] [User:GUEST] Logout exitoso para usuario: admin
[2026-02-14 13:26:51] [INFO] [User:GUEST] Logout exitoso para usuario: admin
[2026-02-14 13:30:52] [INFO] [User:GUEST] Logout exitoso para usuario: admin
[2026-02-14 13:47:13] [INFO] [User:GUEST] Logout exitoso para usuario: admin
[2026-02-14 13:53:52] [INFO] [User:GUEST] Logout exitoso para usuario: admin
[2026-02-14 13:55:52] [INFO] [User:GUEST] Logout exitoso para usuario: admin
[2026-02-14 20:00:37] [INFO] [User:GUEST] Logout exitoso para usuario: admin
[2026-02-14 20:02:44] [INFO] [User:GUEST] Logout exitoso para usuario: admin
[2026-02-14 20:07:52] [INFO] [User:GUEST] Logout exitoso para usuario: admin
[2026-02-14 20:13:56] [INFO] [User:GUEST] Logout exitoso para usuario: admin
[2026-02-14 20:15:52] [INFO] [User:GUEST] Logout exitoso para usuario: admin
[2026-02-14 20:20:36] [INFO] [User:GUEST] Logout exitoso para usuario: admin
[2026-02-14 20:28:36] [INFO] [User:GUEST] Logout exitoso para usuario: admin
[2026-02-14 20:29:52] [INFO] [User:GUEST] Logout exitoso para usuario: admin
[2026-02-14 20:34:05] [INFO] [User:GUEST] Logout exitoso para usuario: admin
[2026-02-14 20:34:05] [INFO] [User:GUEST] Logout exitoso para usuario: Unknown
[2026-02-14 20:47:33] [INFO] [User:GUEST] Logout exitoso para usuario: admin
[2026-02-14 20:57:52] [INFO] [User:GUEST] Logout exitoso para usuario: admin
[2026-02-14 21:02:30] [INFO] [User:GUEST] Logout exitoso para usuario: admin
[2026-02-14 21:11:07] [INFO] [User:GUEST] Logout exitoso para usuario: admin
[2026-02-14 21:13:40] [INFO] [User:GUEST] Logout exitoso para usuario: admin
[2026-02-14 21:20:50] [INFO] [User:GUEST] Logout exitoso para usuario: admin
[2026-02-14 21:29:52] [INFO] [User:GUEST] Logout exitoso para usuario: admin
[2026-02-14 21:46:16] [INFO] [User:GUEST] Logout exitoso para usuario: admin
[2026-02-14 22:01:37] [INFO] [User:GUEST] Logout exitoso para usuario: admin
[2026-02-14 22:32:53] [INFO] [User:GUEST] Logout exitoso para usuario: admin
[2026-02-14 22:55:35] [INFO] [User:GUEST] Logout exitoso para usuario: admin
[2026-02-14 22:58:59] [INFO] [User:GUEST] Logout exitoso para usuario: admin
[2026-02-14 23:15:52] [INFO] [User:GUEST] Logout exitoso para usuario: admin
[2026-02-14 23:27:44] [INFO] [User:GUEST] Logout exitoso para usuario: admin
[2026-02-14 23:42:50] [INFO] [User:GUEST] Logout exitoso para usuario: admin
[2026-02-14 23:49:52] [INFO] [User:GUEST] Logout exitoso para usuario: admin
[2026-02-14 23:58:32] [INFO] [User:GUEST] Logout exitoso para usuario: admin
[2026-02-15 00:00:21] [INFO] [User:GUEST] Logout exitoso para usuario: admin
[2026-02-15 00:01:52] [INFO] [User:GUEST] Logout exitoso para usuario: admin
[2026-02-15 00:06:49] [INFO] [User:GUEST] Logout exitoso para usuario: admin
[2026-02-15 00:41:52] [INFO] [User:GUEST] Logout exitoso para usuario: admin
[2026-02-15 01:03:52] [INFO] [User:GUEST] Logout exitoso para usuario: admin
[2026-02-15 01:07:44] [INFO] [User:GUEST] Logout exitoso para usuario: admin
[2026-02-15 01:09:52] [INFO] [User:GUEST] Logout exitoso para usuario: admin
[2026-02-15 01:14:52] [INFO] [User:GUEST] Logout exitoso para usuario: admin
[2026-02-15 01:17:21] [INFO] [User:GUEST] Logout exitoso para usuario: admin
[2026-02-15 01:20:52] [INFO] [User:GUEST] Logout exitoso para usuario: admin
[2026-02-15 01:29:14] [INFO] [User:GUEST] Logout exitoso para usuario: admin
[2026-02-15 01:35:52] [INFO] [User:GUEST] Logout exitoso para usuario: admin
[2026-02-15 01:44:05] [INFO] [User:GUEST] Logout exitoso para usuario: admin
[2026-02-15 01:47:30] [INFO] [User:GUEST] Logout exitoso para usuario: admin
[2026-02-15 01:51:52] [INFO] [User:GUEST] Logout exitoso para usuario: admin
[2026-02-15 02:00:19] [INFO] [User:GUEST] Logout exitoso para usuario: admin
[2026-02-15 02:10:29] [INFO] [User:GUEST] Logout exitoso para usuario: admin
[2026-02-15 02:16:26] [INFO] [User:GUEST] Logout exitoso para usuario: admin
[2026-02-15 02:19:00] [INFO] [User:GUEST] Logout exitoso para usuario: admin
[2026-02-15 02:20:13] [INFO] [User:GUEST] Logout exitoso para usuario: admin
[2026-02-15 02:23:40] [INFO] [User:GUEST] Logout exitoso para usuario: admin
[2026-02-15 02:27:26] [INFO] [User:GUEST] Logout exitoso para usuario: admin
[2026-02-15 10:44:29] [INFO] [User:GUEST] Logout exitoso para usuario: admin
[2026-02-15 10:52:45] [INFO] [User:GUEST] Logout exitoso para usuario: admin
[2026-02-15 10:55:59] [INFO] [User:GUEST] Logout exitoso para usuario: admin
[2026-02-15 10:59:37] [INFO] [User:GUEST] Logout exitoso para usuario: admin
[2026-02-16 14:41:30] [INFO] [User:GUEST] Logout exitoso para usuario: admin
[2026-02-16 14:43:04] [INFO] [User:GUEST] Logout exitoso para usuario: admin
[2026-02-16 15:00:02] [INFO] [User:GUEST] Logout exitoso para usuario: admin
[2026-02-16 15:22:11] [INFO] [User:GUEST] Logout exitoso para usuario: admin
[2026-02-16 17:21:45] [INFO] [User:GUEST] Logout exitoso para usuario: admin
[2026-02-16 17:25:04] [INFO] [User:GUEST] Logout exitoso para usuario: admin
[2026-02-16 18:05:51] [INFO] [User:GUEST] Logout exitoso para usuario: admin
[2026-02-18 15:21:03] [INFO] [User:GUEST] Logout exitoso para usuario: admin
[2026-02-18 16:27:03] [INFO] [User:GUEST] Logout exitoso para usuario: admin
[2026-02-19 15:46:47] [INFO] [User:GUEST] Logout exitoso para usuario: admin
[2026-02-19 15:48:40] [INFO] [User:GUEST] Logout exitoso para usuario: admin
[2026-02-19 15:50:48] [INFO] [User:GUEST] Logout exitoso para usuario: admin
[2026-02-19 15:56:54] [INFO] [User:GUEST] Logout exitoso para usuario: admin
[2026-02-19 15:58:58] [INFO] [User:GUEST] Logout exitoso para usuario: admin
[2026-02-19 16:03:46] [INFO] [User:GUEST] Logout exitoso para usuario: admin
[2026-02-19 16:06:13] [INFO] [User:GUEST] Logout exitoso para usuario: admin
[2026-02-19 16:16:58] [INFO] [User:GUEST] Logout exitoso para usuario: admin
[2026-02-19 16:19:58] [INFO] [User:GUEST] Logout exitoso para usuario: admin
[2026-02-19 16:20:48] [INFO] [User:GUEST] Logout exitoso para usuario: admin
[2026-02-19 16:22:58] [INFO] [User:GUEST] Logout exitoso para usuario: admin
[2026-02-19 16:32:47] [INFO] [User:GUEST] Logout exitoso para usuario: admin
[2026-02-19 16:33:58] [INFO] [User:GUEST] Logout exitoso para usuario: admin
[2026-02-19 16:36:58] [INFO] [User:GUEST] Logout exitoso para usuario: admin
[2026-02-19 16:40:16] [INFO] [User:GUEST] Logout exitoso para usuario: admin
[2026-02-19 16:49:58] [INFO] [User:GUEST] Logout exitoso para usuario: admin
[2026-02-19 16:54:58] [INFO] [User:GUEST] Logout exitoso para usuario: admin
[2026-02-19 16:58:28] [INFO] [User:GUEST] Logout exitoso para usuario: admin
[2026-02-19 17:02:25] [INFO] [User:GUEST] Logout exitoso para usuario: admin
[2026-02-19 17:09:58] [INFO] [User:GUEST] Logout exitoso para usuario: admin
[2026-02-19 17:10:58] [INFO] [User:GUEST] Logout exitoso para usuario: admin
[2026-02-19 17:12:35] [INFO] [User:GUEST] Logout exitoso para usuario: admin
[2026-02-19 17:15:56] [INFO] [User:GUEST] Logout exitoso para usuario: acontreras
[2026-02-19 17:18:28] [INFO] [User:GUEST] Logout exitoso para usuario: acontreras
[2026-02-19 17:18:40] [INFO] [User:GUEST] Logout exitoso para usuario: admin
[2026-02-19 17:19:58] [INFO] [User:GUEST] Logout exitoso para usuario: acontreras
[2026-02-19 17:21:33] [INFO] [User:GUEST] Logout exitoso para usuario: admin
[2026-02-19 17:22:39] [INFO] [User:GUEST] Logout exitoso para usuario: acontreras
[2026-02-19 17:23:58] [INFO] [User:GUEST] Logout exitoso para usuario: admin
[2026-02-19 17:30:58] [INFO] [User:GUEST] Logout exitoso para usuario: admin
[2026-02-19 17:31:27] [INFO] [User:GUEST] Logout exitoso para usuario: acontreras
[2026-02-19 17:32:58] [INFO] [User:GUEST] Logout exitoso para usuario: acontreras
[2026-02-19 18:25:24] [INFO] [User:GUEST] Logout exitoso para usuario: admin
[2026-02-19 18:27:01] [INFO] [User:GUEST] Logout exitoso para usuario: acontreras
[2026-02-19 18:36:58] [INFO] [User:GUEST] Logout exitoso para usuario: acontreras
[2026-02-19 18:40:58] [INFO] [User:GUEST] Logout exitoso para usuario: acontreras
[2026-02-19 18:46:58] [INFO] [User:GUEST] Logout exitoso para usuario: acontreras
[2026-02-19 19:04:51] [INFO] [User:GUEST] Logout exitoso para usuario: acontreras
[2026-02-19 19:08:04] [INFO] [User:GUEST] Logout exitoso para usuario: acontreras
[2026-02-19 19:10:21] [INFO] [User:GUEST] Logout exitoso para usuario: admin
[2026-02-19 19:11:01] [INFO] [User:GUEST] Logout exitoso para usuario: acontreras
[2026-02-19 19:11:58] [INFO] [User:GUEST] Logout exitoso para usuario: irodriguez
[2026-02-19 19:14:54] [INFO] [User:GUEST] Logout exitoso para usuario: admin
[2026-02-19 19:14:58] [INFO] [User:GUEST] Logout exitoso para usuario: admin
[2026-02-19 19:16:39] [INFO] [User:GUEST] Logout exitoso para usuario: acontreras
[2026-02-19 19:27:58] [INFO] [User:GUEST] Logout exitoso para usuario: acontreras
[2026-02-20 08:46:05] [INFO] [User:GUEST] Logout exitoso para usuario: acontreras
[2026-02-20 08:50:03] [INFO] [User:GUEST] Logout exitoso para usuario: acontreras
[2026-02-20 08:53:45] [INFO] [User:GUEST] Logout exitoso para usuario: acontreras
[2026-02-20 09:00:05] [INFO] [User:GUEST] Logout exitoso para usuario: admin
[2026-02-20 09:01:46] [INFO] [User:GUEST] Logout exitoso para usuario: admin
[2026-02-20 09:03:53] [INFO] [User:GUEST] Logout exitoso para usuario: acontreras
[2026-02-20 09:09:47] [INFO] [User:GUEST] Logout exitoso para usuario: acontreras
[2026-02-20 09:11:05] [INFO] [User:GUEST] Logout exitoso para usuario: acontreras
[2026-02-20 09:14:45] [INFO] [User:GUEST] Logout exitoso para usuario: acontreras
[2026-02-20 09:25:05] [INFO] [User:GUEST] Logout exitoso para usuario: acontreras
[2026-02-20 09:30:26] [INFO] [User:GUEST] Logout exitoso para usuario: acontreras
[2026-02-20 09:37:09] [INFO] [User:GUEST] Logout exitoso para usuario: acontreras
[2026-02-20 09:40:56] [INFO] [User:GUEST] Logout exitoso para usuario: acontreras
[2026-02-20 10:41:02] [INFO] [User:GUEST] Logout exitoso para usuario: acontreras
[2026-02-20 10:46:33] [INFO] [User:GUEST] Logout exitoso para usuario: acontreras
[2026-02-20 10:47:07] [INFO] [User:GUEST] Logout exitoso para usuario: admin
[2026-02-20 10:48:12] [INFO] [User:GUEST] Logout exitoso para usuario: acontreras
[2026-02-20 10:50:53] [INFO] [User:GUEST] Logout exitoso para usuario: acontreras
[2026-02-20 10:51:05] [INFO] [User:GUEST] Logout exitoso para usuario: fquispe
[2026-02-20 10:55:05] [INFO] [User:GUEST] Logout exitoso para usuario: fquispe
[2026-02-20 10:56:26] [INFO] [User:GUEST] Logout exitoso para usuario: acontreras
[2026-02-20 11:00:52] [INFO] [User:GUEST] Logout exitoso para usuario: fquispe
[2026-02-20 11:00:57] [INFO] [User:GUEST] Logout exitoso para usuario: acontreras
[2026-02-20 11:04:20] [INFO] [User:GUEST] Logout exitoso para usuario: acontreras
[2026-02-20 11:04:55] [INFO] [User:GUEST] Logout exitoso para usuario: fquispe
[2026-02-20 11:07:23] [INFO] [User:GUEST] Logout exitoso para usuario: fquispe
[2026-02-20 11:08:05] [INFO] [User:GUEST] Logout exitoso para usuario: acontreras
[2026-02-20 11:14:43] [INFO] [User:GUEST] Logout exitoso para usuario: acontreras
[2026-02-20 11:16:05] [INFO] [User:GUEST] Logout exitoso para usuario: fquispe
[2026-02-20 11:17:43] [INFO] [User:GUEST] Logout exitoso para usuario: acontreras
[2026-02-20 11:30:22] [INFO] [User:GUEST] Logout exitoso para usuario: acontreras
[2026-02-20 11:33:03] [INFO] [User:GUEST] Logout exitoso para usuario: acontreras
[2026-02-20 11:35:57] [INFO] [User:GUEST] Logout exitoso para usuario: acontreras
[2026-02-20 11:38:05] [INFO] [User:GUEST] Logout exitoso para usuario: admin
[2026-02-20 11:39:42] [INFO] [User:GUEST] Logout exitoso para usuario: irodriguez
[2026-02-20 11:41:32] [INFO] [User:GUEST] Logout exitoso para usuario: admin
[2026-02-20 11:42:19] [INFO] [User:GUEST] Logout exitoso para usuario: admin
[2026-02-20 11:42:47] [INFO] [User:GUEST] Logout exitoso para usuario: admin
[2026-02-20 11:43:05] [INFO] [User:GUEST] Logout exitoso para usuario: irodriguez
[2026-02-20 11:46:05] [INFO] [User:GUEST] Logout exitoso para usuario: irodriguez
[2026-02-20 11:46:44] [INFO] [User:GUEST] Logout exitoso para usuario: jtunoque
[2026-02-20 12:12:22] [INFO] [User:GUEST] Logout exitoso para usuario: admin
[2026-02-20 12:12:39] [INFO] [User:GUEST] Logout exitoso para usuario: admin
[2026-02-20 12:14:00] [INFO] [User:GUEST] Logout exitoso para usuario: acontreras
[2026-02-20 12:15:21] [INFO] [User:GUEST] Logout exitoso para usuario: acontreras
[2026-02-20 12:22:05] [INFO] [User:GUEST] Logout exitoso para usuario: acontreras
[2026-02-20 12:27:05] [INFO] [User:GUEST] Logout exitoso para usuario: fquispe
[2026-02-20 12:27:05] [INFO] [User:GUEST] Logout exitoso para usuario: acontreras
[2026-02-20 13:43:02] [INFO] [User:GUEST] Logout exitoso para usuario: acontreras
[2026-02-20 13:49:34] [INFO] [User:GUEST] Logout exitoso para usuario: acontreras
[2026-02-20 13:54:05] [INFO] [User:GUEST] Logout exitoso para usuario: acontreras
[2026-02-20 13:54:05] [INFO] [User:GUEST] Logout exitoso para usuario: Unknown
[2026-02-20 14:02:00] [INFO] [User:GUEST] Logout exitoso para usuario: acontreras
[2026-02-20 14:10:39] [INFO] [User:GUEST] Logout exitoso para usuario: acontreras
[2026-02-20 14:23:35] [INFO] [User:GUEST] Logout exitoso para usuario: admin
[2026-02-20 14:29:05] [INFO] [User:GUEST] Logout exitoso para usuario: admin
[2026-02-20 14:32:10] [INFO] [User:GUEST] Logout exitoso para usuario: admin
[2026-02-20 14:47:43] [INFO] [User:GUEST] Logout exitoso para usuario: acontreras
[2026-02-20 14:49:25] [INFO] [User:GUEST] Logout exitoso para usuario: acontreras
[2026-02-20 14:54:05] [INFO] [User:GUEST] Logout exitoso para usuario: acontreras
[2026-02-20 14:58:31] [INFO] [User:GUEST] Logout exitoso para usuario: acontreras
[2026-02-20 15:01:05] [INFO] [User:GUEST] Logout exitoso para usuario: fquispe
[2026-02-20 15:02:38] [INFO] [User:GUEST] Logout exitoso para usuario: acontreras
[2026-02-20 15:07:05] [INFO] [User:GUEST] Logout exitoso para usuario: acontreras
[2026-02-20 15:09:05] [INFO] [User:GUEST] Logout exitoso para usuario: acontreras
[2026-02-20 15:12:05] [INFO] [User:GUEST] Logout exitoso para usuario: irodriguez
[2026-02-20 15:12:41] [INFO] [User:GUEST] Logout exitoso para usuario: acontreras
[2026-02-20 15:14:56] [INFO] [User:GUEST] Logout exitoso para usuario: acontreras
[2026-02-20 15:16:05] [INFO] [User:GUEST] Logout exitoso para usuario: irodriguez
[2026-02-20 15:23:47] [INFO] [User:GUEST] Logout exitoso para usuario: irodriguez
[2026-02-20 15:28:05] [INFO] [User:GUEST] Logout exitoso para usuario: irodriguez
[2026-02-20 15:30:05] [INFO] [User:GUEST] Logout exitoso para usuario: acontreras
[2026-02-20 15:31:05] [INFO] [User:GUEST] Logout exitoso para usuario: irodriguez
[2026-02-20 15:35:05] [INFO] [User:GUEST] Logout exitoso para usuario: irodriguez
[2026-02-20 15:36:26] [INFO] [User:GUEST] Logout exitoso para usuario: acontreras
[2026-02-20 15:47:29] [INFO] [User:GUEST] Logout exitoso para usuario: acontreras
[2026-02-20 16:04:05] [INFO] [User:GUEST] Logout exitoso para usuario: acontreras
[2026-02-20 16:15:01] [INFO] [User:GUEST] Logout exitoso para usuario: acontreras
[2026-02-20 16:17:05] [INFO] [User:GUEST] Logout exitoso para usuario: acontreras
[2026-02-21 21:49:06] [INFO] [User:GUEST] Logout exitoso para usuario: irodriguez
[2026-02-21 21:53:51] [INFO] [User:GUEST] Logout exitoso para usuario: irodriguez
[2026-02-21 21:54:57] [INFO] [User:GUEST] Logout exitoso para usuario: irodriguez
[2026-02-21 21:58:30] [INFO] [User:GUEST] Logout exitoso para usuario: irodriguez
[2026-02-21 22:05:30] [INFO] [User:GUEST] Logout exitoso para usuario: irodriguez
[2026-02-21 23:02:30] [INFO] [User:GUEST] Logout exitoso para usuario: irodriguez
[2026-02-22 09:33:25] [INFO] [User:GUEST] Logout exitoso para usuario: irodriguez
[2026-02-22 09:50:14] [INFO] [User:GUEST] Logout exitoso para usuario: irodriguez
[2026-02-22 09:56:53] [INFO] [User:GUEST] Logout exitoso para usuario: irodriguez
[2026-02-22 10:05:45] [INFO] [User:GUEST] Logout exitoso para usuario: irodriguez
[2026-02-22 10:10:58] [INFO] [User:GUEST] Logout exitoso para usuario: irodriguez
[2026-02-22 10:15:36] [INFO] [User:GUEST] Logout exitoso para usuario: irodriguez
[2026-02-22 10:21:36] [INFO] [User:GUEST] Logout exitoso para usuario: irodriguez
[2026-02-22 10:26:36] [INFO] [User:GUEST] Logout exitoso para usuario: irodriguez
[2026-02-22 10:32:36] [INFO] [User:GUEST] Logout exitoso para usuario: irodriguez
[2026-02-22 10:42:30] [INFO] [User:GUEST] Logout exitoso para usuario: irodriguez
[2026-02-23 08:33:58] [INFO] [User:GUEST] Logout exitoso para usuario: irodriguez
[2026-02-23 08:48:46] [INFO] [User:GUEST] Logout exitoso para usuario: irodriguez
[2026-02-23 08:50:58] [INFO] [User:GUEST] Logout exitoso para usuario: irodriguez
[2026-02-23 09:01:57] [INFO] [User:GUEST] Logout exitoso para usuario: irodriguez
[2026-02-23 09:14:47] [INFO] [User:GUEST] Logout exitoso para usuario: irodriguez
[2026-02-23 09:16:11] [INFO] [User:GUEST] Logout exitoso para usuario: irodriguez
[2026-02-23 09:24:52] [INFO] [User:GUEST] Logout exitoso para usuario: irodriguez
[2026-02-23 09:33:51] [INFO] [User:GUEST] Logout exitoso para usuario: irodriguez
[2026-02-23 12:20:18] [INFO] [User:GUEST] Logout exitoso para usuario: irodriguez
[2026-02-24 17:14:03] [INFO] [User:GUEST] Logout exitoso para usuario: irodriguez
[2026-02-24 17:18:23] [INFO] [User:GUEST] Logout exitoso para usuario: irodriguez
[2026-02-24 17:21:38] [INFO] [User:GUEST] Logout exitoso para usuario: admin
[2026-02-24 17:21:45] [INFO] [User:GUEST] Logout exitoso para usuario: acontreras
[2026-02-24 17:27:14] [INFO] [User:GUEST] Logout exitoso para usuario: admin
[2026-02-24 17:36:19] [INFO] [User:GUEST] Logout exitoso para usuario: acontreras
[2026-02-24 17:40:48] [INFO] [User:GUEST] Logout exitoso para usuario: irodriguez
[2026-02-24 17:42:55] [INFO] [User:GUEST] Logout exitoso para usuario: acontreras
[2026-02-24 17:43:02] [INFO] [User:GUEST] Logout exitoso para usuario: irodriguez
[2026-02-24 17:43:47] [INFO] [User:GUEST] Logout exitoso para usuario: acontreras
[2026-02-24 17:45:10] [INFO] [User:GUEST] Logout exitoso para usuario: acontreras
[2026-02-24 17:50:07] [INFO] [User:GUEST] Logout exitoso para usuario: irodriguez
[2026-02-26 12:09:49] [INFO] [User:GUEST] Logout exitoso para usuario: admin
